Flow report for encoder8to3
Sun Feb 21 20:04:26 2021
Quartus II 64-Bit Version 13.1.0 Build 162 10/23/2013 SJ Web Edition


---------------------
; Table of Contents ;
---------------------
  1. Legal Notice
  2. Flow Summary
  3. Flow Settings
  4. Flow Non-Default Global Settings
  5. Flow Elapsed Time
  6. Flow OS Summary
  7. Flow Log
  8. Flow Messages
  9. Flow Suppressed Messages



----------------
; Legal Notice ;
----------------
Copyright (C) 1991-2013 Altera Corporation
Your use of Altera Corporation's design tools, logic functions 
and other software and tools, and its AMPP partner logic 
functions, and any output files from any of the foregoing 
(including device programming or simulation files), and any 
associated documentation or information are expressly subject 
to the terms and conditions of the Altera Program License 
Subscription Agreement, Altera MegaCore Function License 
Agreement, or other applicable license agreement, including, 
without limitation, that your use is for the sole purpose of 
programming logic devices manufactured by Altera and sold by 
Altera or its authorized distributors.  Please refer to the 
applicable agreement for further details.



+---------------------------------------------------------------------------------+
; Flow Summary                                                                    ;
+------------------------------------+--------------------------------------------+
; Flow Status                        ; Successful - Sun Feb 21 20:04:26 2021      ;
; Quartus II 64-Bit Version          ; 13.1.0 Build 162 10/23/2013 SJ Web Edition ;
; Revision Name                      ; encoder8to3                                ;
; Top-level Entity Name              ; encoder8to3                                ;
; Family                             ; Cyclone IV GX                              ;
; Total logic elements               ; 3 / 14,400 ( < 1 % )                       ;
;     Total combinational functions  ; 3 / 14,400 ( < 1 % )                       ;
;     Dedicated logic registers      ; 0 / 14,400 ( 0 % )                         ;
; Total registers                    ; 0                                          ;
; Total pins                         ; 11 / 81 ( 14 % )                           ;
; Total virtual pins                 ; 0                                          ;
; Total memory bits                  ; 0 / 552,960 ( 0 % )                        ;
; Embedded Multiplier 9-bit elements ; 0                                          ;
; Total GXB Receiver Channel PCS     ; 0 / 2 ( 0 % )                              ;
; Total GXB Receiver Channel PMA     ; 0 / 2 ( 0 % )                              ;
; Total GXB Transmitter Channel PCS  ; 0 / 2 ( 0 % )                              ;
; Total GXB Transmitter Channel PMA  ; 0 / 2 ( 0 % )                              ;
; Total PLLs                         ; 0 / 3 ( 0 % )                              ;
; Device                             ; EP4CGX15BF14C6                             ;
; Timing Models                      ; Final                                      ;
+------------------------------------+--------------------------------------------+


+-----------------------------------------+
; Flow Settings                           ;
+-------------------+---------------------+
; Option            ; Setting             ;
+-------------------+---------------------+
; Start date & time ; 02/21/2021 10:18:37 ;
; Main task         ; Compilation         ;
; Revision Name     ; encoder8to3         ;
+-------------------+---------------------+


+---------------------------------------------------------------------------------------------------------------------+
; Flow Non-Default Global Settings                                                                                    ;
+-------------------------------------+--------------------------------+---------------+-------------+----------------+
; Assignment Name                     ; Value                          ; Default Value ; Entity Name ; Section Id     ;
+-------------------------------------+--------------------------------+---------------+-------------+----------------+
; COMPILER_SIGNATURE_ID               ; 53671019896834.161392071712916 ; --            ; --          ; --             ;
; EDA_OUTPUT_DATA_FORMAT              ; Vhdl                           ; --            ; --          ; eda_simulation ;
; EDA_SIMULATION_TOOL                 ; ModelSim-Altera (VHDL)         ; <None>        ; --          ; --             ;
; PARTITION_COLOR                     ; 16764057                       ; --            ; --          ; Top            ;
; PARTITION_FITTER_PRESERVATION_LEVEL ; PLACEMENT_AND_ROUTING          ; --            ; --          ; Top            ;
; PARTITION_NETLIST_TYPE              ; SOURCE                         ; --            ; --          ; Top            ;
; PROJECT_OUTPUT_DIRECTORY            ; output_files                   ; --            ; --          ; --             ;
+-------------------------------------+--------------------------------+---------------+-------------+----------------+


+-------------------------------------------------------------------------------------------------------------------------------+
; Flow Elapsed Time                                                                                                             ;
+---------------------------+--------------+-------------------------+---------------------+------------------------------------+
; Module Name               ; Elapsed Time ; Average Processors Used ; Peak Virtual Memory ; Total CPU Time (on all processors) ;
+---------------------------+--------------+-------------------------+---------------------+------------------------------------+
; Analysis & Synthesis      ; 00:00:04     ; 1.0                     ; 4709 MB             ; 00:00:04                           ;
; Fitter                    ; 00:00:10     ; 1.0                     ; 5022 MB             ; 00:00:10                           ;
; Assembler                 ; 00:00:03     ; 1.0                     ; 4624 MB             ; 00:00:02                           ;
; TimeQuest Timing Analyzer ; 00:00:04     ; 1.0                     ; 4615 MB             ; 00:00:04                           ;
; EDA Netlist Writer        ; 00:00:01     ; 1.0                     ; 4581 MB             ; 00:00:01                           ;
; EDA Netlist Writer        ; 00:00:01     ; 1.0                     ; 4591 MB             ; 00:00:01                           ;
; EDA Netlist Writer        ; 00:00:02     ; 1.0                     ; 4591 MB             ; 00:00:01                           ;
; EDA Netlist Writer        ; 00:00:05     ; 1.0                     ; 4591 MB             ; 00:00:01                           ;
; EDA Netlist Writer        ; 00:00:01     ; 1.0                     ; 4591 MB             ; 00:00:01                           ;
; EDA Netlist Writer        ; 00:00:01     ; 1.0                     ; 4591 MB             ; 00:00:01                           ;
; EDA Netlist Writer        ; 00:00:01     ; 1.0                     ; 4591 MB             ; 00:00:01                           ;
; EDA Netlist Writer        ; 00:00:01     ; 1.0                     ; 4591 MB             ; 00:00:01                           ;
; EDA Netlist Writer        ; 00:00:02     ; 1.0                     ; 4591 MB             ; 00:00:01                           ;
; EDA Netlist Writer        ; 00:00:01     ; 1.0                     ; 4591 MB             ; 00:00:01                           ;
; EDA Netlist Writer        ; 00:00:02     ; 1.0                     ; 4592 MB             ; 00:00:01                           ;
; Total                     ; 00:00:39     ; --                      ; --                  ; 00:00:31                           ;
+---------------------------+--------------+-------------------------+---------------------+------------------------------------+


+----------------------------------------------------------------------------------------+
; Flow OS Summary                                                                        ;
+---------------------------+------------------+-----------+------------+----------------+
; Module Name               ; Machine Hostname ; OS Name   ; OS Version ; Processor type ;
+---------------------------+------------------+-----------+------------+----------------+
; Analysis & Synthesis      ; DESKTOP-02DB5RO  ; Windows 7 ; 6.2        ; x86_64         ;
; Fitter                    ; DESKTOP-02DB5RO  ; Windows 7 ; 6.2        ; x86_64         ;
; Assembler                 ; DESKTOP-02DB5RO  ; Windows 7 ; 6.2        ; x86_64         ;
; TimeQuest Timing Analyzer ; DESKTOP-02DB5RO  ; Windows 7 ; 6.2        ; x86_64         ;
; EDA Netlist Writer        ; DESKTOP-02DB5RO  ; Windows 7 ; 6.2        ; x86_64         ;
; EDA Netlist Writer        ; DESKTOP-02DB5RO  ; Windows 7 ; 6.2        ; x86_64         ;
; EDA Netlist Writer        ; DESKTOP-02DB5RO  ; Windows 7 ; 6.2        ; x86_64         ;
; EDA Netlist Writer        ; DESKTOP-02DB5RO  ; Windows 7 ; 6.2        ; x86_64         ;
; EDA Netlist Writer        ; DESKTOP-02DB5RO  ; Windows 7 ; 6.2        ; x86_64         ;
; EDA Netlist Writer        ; DESKTOP-02DB5RO  ; Windows 7 ; 6.2        ; x86_64         ;
; EDA Netlist Writer        ; DESKTOP-02DB5RO  ; Windows 7 ; 6.2        ; x86_64         ;
; EDA Netlist Writer        ; DESKTOP-02DB5RO  ; Windows 7 ; 6.2        ; x86_64         ;
; EDA Netlist Writer        ; DESKTOP-02DB5RO  ; Windows 7 ; 6.2        ; x86_64         ;
; EDA Netlist Writer        ; DESKTOP-02DB5RO  ; Windows 7 ; 6.2        ; x86_64         ;
; EDA Netlist Writer        ; DESKTOP-02DB5RO  ; Windows 7 ; 6.2        ; x86_64         ;
+---------------------------+------------------+-----------+------------+----------------+


------------
; Flow Log ;
------------
quartus_map --read_settings_files=on --write_settings_files=off encoder8to3 -c encoder8to3
quartus_fit --read_settings_files=off --write_settings_files=off encoder8to3 -c encoder8to3
quartus_asm --read_settings_files=off --write_settings_files=off encoder8to3 -c encoder8to3
quartus_sta encoder8to3 -c encoder8to3
quartus_eda --read_settings_files=off --write_settings_files=off encoder8to3 -c encoder8to3
quartus_eda --gen_testbench --check_outputs=on --tool=modelsim_oem --format=verilog encoder8to3 -c encoder8to3 --vector_source=D:/Hino/Unicauca/6to/Digitales2/trabajos/encoder8to3/Waveform.vwf --testbench_file=D:/Hino/Unicauca/6to/Digitales2/trabajos/encoder8to3/simulation/qsim/Waveform.vwf.vt
quartus_eda --functional=on --flatten_buses=off --simulation=on --tool=modelsim_oem --format=verilog --output_directory=D:/Hino/Unicauca/6to/Digitales2/trabajos/encoder8to3/simulation/qsim/ encoder8to3 -c encoder8to3
quartus_eda --gen_testbench --check_outputs=on --tool=modelsim_oem --format=verilog encoder8to3 -c encoder8to3 --vector_source=D:/Hino/Unicauca/6to/Digitales2/trabajos/tarea1/encoder8to3/Waveform.vwf --testbench_file=D:/Hino/Unicauca/6to/Digitales2/trabajos/tarea1/encoder8to3/simulation/qsim/Waveform.vwf.vt
quartus_eda --functional=on --flatten_buses=off --simulation=on --tool=modelsim_oem --format=verilog --output_directory=D:/Hino/Unicauca/6to/Digitales2/trabajos/tarea1/encoder8to3/simulation/qsim/ encoder8to3 -c encoder8to3
quartus_eda --gen_testbench --check_outputs=on --tool=modelsim_oem --format=verilog encoder8to3 -c encoder8to3 --vector_source=D:/Hino/Unicauca/6to/Digitales2/trabajos/tarea1/encoder8to3/Waveform.vwf --testbench_file=D:/Hino/Unicauca/6to/Digitales2/trabajos/tarea1/encoder8to3/simulation/qsim/Waveform.vwf.vt
quartus_eda --functional=on --flatten_buses=off --simulation=on --tool=modelsim_oem --format=verilog --output_directory=D:/Hino/Unicauca/6to/Digitales2/trabajos/tarea1/encoder8to3/simulation/qsim/ encoder8to3 -c encoder8to3
quartus_eda --gen_testbench --check_outputs=on --tool=modelsim_oem --format=verilog encoder8to3 -c encoder8to3 --vector_source=D:/Hino/Unicauca/6to/Digitales2/trabajos/tarea1/encoder8to3/Waveform.vwf --testbench_file=D:/Hino/Unicauca/6to/Digitales2/trabajos/tarea1/encoder8to3/simulation/qsim/Waveform.vwf.vt
quartus_eda --functional=on --flatten_buses=off --simulation=on --tool=modelsim_oem --format=verilog --output_directory=D:/Hino/Unicauca/6to/Digitales2/trabajos/tarea1/encoder8to3/simulation/qsim/ encoder8to3 -c encoder8to3
quartus_eda --gen_testbench --check_outputs=on --tool=modelsim_oem --format=verilog encoder8to3 -c encoder8to3 --vector_source=D:/Hino/Unicauca/6to/Digitales2/trabajos/tarea1/encoder8to3/Waveform.vwf --testbench_file=D:/Hino/Unicauca/6to/Digitales2/trabajos/tarea1/encoder8to3/simulation/qsim/Waveform.vwf.vt
quartus_eda --functional=on --flatten_buses=off --simulation=on --tool=modelsim_oem --format=verilog --output_directory=D:/Hino/Unicauca/6to/Digitales2/trabajos/tarea1/encoder8to3/simulation/qsim/ encoder8to3 -c encoder8to3



